Starting advanced analysis session
*****************************************

******* Analysis Started On:Sat Nov 29 13:31:45 2014

Advance Analyses Project File Name : E:/ORCAD/MYFILE/RES_CIR_AA-PSpiceFiles/SCHEMATIC1/SCHEMATIC1.$ap


Processing analysis specifications

Listing Profiles:
 - test.sim


-- Loading simulation profile test.sim --


************ MonteCarlo Run 1 ************

Param : R9.VALUE  (R_R9.VALUE) = 10
Param : R10.VALUE  (R_R10.VALUE) = 10
Param : R1.VALUE  (R_R1.VALUE) = 1000
Param : R2.VALUE  (R_R2.VALUE) = 1000
Param : R3.VALUE  (R_R3.VALUE) = 1000
Param : R4.VALUE  (R_R4.VALUE) = 1000
Param : R5.VALUE  (R_R5.VALUE) = 1000
Param : R6.VALUE  (R_R6.VALUE) = 1000
Param : R7.VALUE  (R_R7.VALUE) = 1000
Param : R8.VALUE  (R_R8.VALUE) = 500

Specs : Max(V(out1)) = 2.13068175315857
Specs : Max(V(out2)) = 2.13068175315857


************ MonteCarlo Run 2 ************

Param : R9.VALUE  (R_R9.VALUE) = 9.50125125888852
Param : R10.VALUE  (R_R10.VALUE) = 10.06358531449324
Param : R1.VALUE  (R_R1.VALUE) = 969.33042390209664
Param : R2.VALUE  (R_R2.VALUE) = 1.03087405011139k
Param : R3.VALUE  (R_R3.VALUE) = 1.00850093081454k
Param : R4.VALUE  (R_R4.VALUE) = 997.98730430005799
Param : R5.VALUE  (R_R5.VALUE) = 985.02914517654960
Param : R6.VALUE  (R_R6.VALUE) = 1.03959624011963k
Param : R7.VALUE  (R_R7.VALUE) = 1.03228400524918k
Param : R8.VALUE  (R_R8.VALUE) = 512.33024079103973

Specs : Max(V(out1)) = 2.17471361160278
Specs : Max(V(out2)) = 2.14905643463135


************ MonteCarlo Run 3 ************

Param : R9.VALUE  (R_R9.VALUE) = 9.67410809656056
Param : R10.VALUE  (R_R10.VALUE) = 10.35894344920194
Param : R1.VALUE  (R_R1.VALUE) = 1.02105014191107k
Param : R2.VALUE  (R_R2.VALUE) = 1.00135349589526k
Param : R3.VALUE  (R_R3.VALUE) = 980.39948728904085
Param : R4.VALUE  (R_R4.VALUE) = 951.49845881527153
Param : R5.VALUE  (R_R5.VALUE) = 959.14029358806124
Param : R6.VALUE  (R_R6.VALUE) = 986.44520401623583
Param : R7.VALUE  (R_R7.VALUE) = 964.73128452406388
Param : R8.VALUE  (R_R8.VALUE) = 483.29493087557603

Specs : Max(V(out1)) = 2.11328577995300
Specs : Max(V(out2)) = 2.12878251075745


************ MonteCarlo Run 4 ************

Param : R9.VALUE  (R_R9.VALUE) = 10.48852504043703
Param : R10.VALUE  (R_R10.VALUE) = 9.94569231238746
Param : R1.VALUE  (R_R1.VALUE) = 961.90832239753411
Param : R2.VALUE  (R_R2.VALUE) = 950.46693319498274
Param : R3.VALUE  (R_R3.VALUE) = 950.89114047669909
Param : R4.VALUE  (R_R4.VALUE) = 987.78801843317979
Param : R5.VALUE  (R_R5.VALUE) = 1.00316629535813k
Param : R6.VALUE  (R_R6.VALUE) = 1.00711844233528k
Param : R7.VALUE  (R_R7.VALUE) = 1.01017639698477k
Param : R8.VALUE  (R_R8.VALUE) = 505.35828730124820

Specs : Max(V(out1)) = 2.12098217010498
Specs : Max(V(out2)) = 2.12464690208435


************ MonteCarlo Run 5 ************

Param : R9.VALUE  (R_R9.VALUE) = 9.66623432111576
Param : R10.VALUE  (R_R10.VALUE) = 10.16304513687551
Param : R1.VALUE  (R_R1.VALUE) = 995.07889034699554
Param : R2.VALUE  (R_R2.VALUE) = 985.21225623340558
Param : R3.VALUE  (R_R3.VALUE) = 955.70390942106383
Param : R4.VALUE  (R_R4.VALUE) = 1.01076845606861k
Param : R5.VALUE  (R_R5.VALUE) = 1.02833185827204k
Param : R6.VALUE  (R_R6.VALUE) = 1.03026062807093k
Param : R7.VALUE  (R_R7.VALUE) = 1.00198828089236k
Param : R8.VALUE  (R_R8.VALUE) = 490.09750663777578

Specs : Max(V(out1)) = 2.13166069984436
Specs : Max(V(out2)) = 2.14950203895569


************ MonteCarlo Run 6 ************

Param : R9.VALUE  (R_R9.VALUE) = 10.37597277748955
Param : R10.VALUE  (R_R10.VALUE) = 10.22667622913297
Param : R1.VALUE  (R_R1.VALUE) = 1.04559007538072k
Param : R2.VALUE  (R_R2.VALUE) = 1.04257179479354k
Param : R3.VALUE  (R_R3.VALUE) = 1.00393536179693k
Param : R4.VALUE  (R_R4.VALUE) = 964.23383281960503
Param : R5.VALUE  (R_R5.VALUE) = 996.20807519760740
Param : R6.VALUE  (R_R6.VALUE) = 973.53282265694145
Param : R7.VALUE  (R_R7.VALUE) = 1.03622394482253k
Param : R8.VALUE  (R_R8.VALUE) = 485.48005615405742

Specs : Max(V(out1)) = 2.08954310417175
Specs : Max(V(out2)) = 2.07228708267212


************ MonteCarlo Run 7 ************

Param : R9.VALUE  (R_R9.VALUE) = 10.27965636158330
Param : R10.VALUE  (R_R10.VALUE) = 10.34365367595447
Param : R1.VALUE  (R_R1.VALUE) = 1.04967955565050k
Param : R2.VALUE  (R_R2.VALUE) = 1.04996948149052k
Param : R3.VALUE  (R_R3.VALUE) = 1.01114993743706k
Param : R4.VALUE  (R_R4.VALUE) = 989.24375133518481
Param : R5.VALUE  (R_R5.VALUE) = 976.62129581591239
Param : R6.VALUE  (R_R6.VALUE) = 979.72808008056893
Param : R7.VALUE  (R_R7.VALUE) = 1.03401440473647k
Param : R8.VALUE  (R_R8.VALUE) = 476.18717001861626

Specs : Max(V(out1)) = 2.09936308860779
Specs : Max(V(out2)) = 2.08169913291931


************ MonteCarlo Run 8 ************

Param : R9.VALUE  (R_R9.VALUE) = 9.87586596270638
Param : R10.VALUE  (R_R10.VALUE) = 9.59262367625965
Param : R1.VALUE  (R_R1.VALUE) = 1.01772057252724k
Param : R2.VALUE  (R_R2.VALUE) = 955.62150944547864
Param : R3.VALUE  (R_R3.VALUE) = 950.87893307290869
Param : R4.VALUE  (R_R4.VALUE) = 1.04187902462844k
Param : R5.VALUE  (R_R5.VALUE) = 977.58873256630136
Param : R6.VALUE  (R_R6.VALUE) = 977.28965117343671
Param : R7.VALUE  (R_R7.VALUE) = 1.00879085665456k
Param : R8.VALUE  (R_R8.VALUE) = 509.55916013061920

Specs : Max(V(out1)) = 2.08169889450073
Specs : Max(V(out2)) = 2.09504270553589


************ MonteCarlo Run 9 ************

Param : R9.VALUE  (R_R9.VALUE) = 10.33761101107822
Param : R10.VALUE  (R_R10.VALUE) = 10.22649311807611
Param : R1.VALUE  (R_R1.VALUE) = 998.49391155735952
Param : R2.VALUE  (R_R2.VALUE) = 970.53590502639850
Param : R3.VALUE  (R_R3.VALUE) = 1.02437360759301k
Param : R4.VALUE  (R_R4.VALUE) = 996.84591204565561
Param : R5.VALUE  (R_R5.VALUE) = 995.79607531968145
Param : R6.VALUE  (R_R6.VALUE) = 1.04491561632130k
Param : R7.VALUE  (R_R7.VALUE) = 1.02444380016480k
Param : R8.VALUE  (R_R8.VALUE) = 480.41398358104192

Specs : Max(V(out1)) = 2.11846780776978
Specs : Max(V(out2)) = 2.12751841545105


************ MonteCarlo Run 10 ************

Param : R9.VALUE  (R_R9.VALUE) = 10.09904782250435
Param : R10.VALUE  (R_R10.VALUE) = 9.88523514511551
Param : R1.VALUE  (R_R1.VALUE) = 1.02350077822199k
Param : R2.VALUE  (R_R2.VALUE) = 1.01089663380840k
Param : R3.VALUE  (R_R3.VALUE) = 1.00724051637318k
Param : R4.VALUE  (R_R4.VALUE) = 986.13391521958067
Param : R5.VALUE  (R_R5.VALUE) = 965.15549180578023
Param : R6.VALUE  (R_R6.VALUE) = 972.51045258949557
Param : R7.VALUE  (R_R7.VALUE) = 992.51533555101173
Param : R8.VALUE  (R_R8.VALUE) = 515.14404736472670

Specs : Max(V(out1)) = 2.11095690727234
Specs : Max(V(out2)) = 2.10722208023071


************ MonteCarlo Run 11 ************

Param : R9.VALUE  (R_R9.VALUE) = 10.01710562456130
Param : R10.VALUE  (R_R10.VALUE) = 10.48998992889187
Param : R1.VALUE  (R_R1.VALUE) = 1.02515488143559k
Param : R2.VALUE  (R_R2.VALUE) = 984.55610827967166
Param : R3.VALUE  (R_R3.VALUE) = 966.89809869685962
Param : R4.VALUE  (R_R4.VALUE) = 1.01573076570940k
Param : R5.VALUE  (R_R5.VALUE) = 999.18973357341224
Param : R6.VALUE  (R_R6.VALUE) = 956.35395367290266
Param : R7.VALUE  (R_R7.VALUE) = 1.01997589037751k
Param : R8.VALUE  (R_R8.VALUE) = 500.24033326212350

Specs : Max(V(out1)) = 2.07907700538635
Specs : Max(V(out2)) = 2.07527303695679


************ MonteCarlo Run 12 ************

Param : R9.VALUE  (R_R9.VALUE) = 9.64749595629750
Param : R10.VALUE  (R_R10.VALUE) = 10.44958342234565
Param : R1.VALUE  (R_R1.VALUE) = 964.15753654591504
Param : R2.VALUE  (R_R2.VALUE) = 1.04051179540391k
Param : R3.VALUE  (R_R3.VALUE) = 1.01928922391430k
Param : R4.VALUE  (R_R4.VALUE) = 980.30487990966515
Param : R5.VALUE  (R_R5.VALUE) = 992.65572069460131
Param : R6.VALUE  (R_R6.VALUE) = 957.03756828516498
Param : R7.VALUE  (R_R7.VALUE) = 1.04666127506333k
Param : R8.VALUE  (R_R8.VALUE) = 509.15936765648360

Specs : Max(V(out1)) = 2.15114498138428
Specs : Max(V(out2)) = 2.08897447586060


************ MonteCarlo Run 13 ************

Param : R9.VALUE  (R_R9.VALUE) = 9.65323343607898
Param : R10.VALUE  (R_R10.VALUE) = 10.37725455488754
Param : R1.VALUE  (R_R1.VALUE) = 1.03216803491317k
Param : R2.VALUE  (R_R2.VALUE) = 1.00820490127262k
Param : R3.VALUE  (R_R3.VALUE) = 969.13510544145015
Param : R4.VALUE  (R_R4.VALUE) = 967.78923917355871
Param : R5.VALUE  (R_R5.VALUE) = 1.03171941282388k
Param : R6.VALUE  (R_R6.VALUE) = 997.52647480697044
Param : R7.VALUE  (R_R7.VALUE) = 965.55528427991578
Param : R8.VALUE  (R_R8.VALUE) = 500.19608142338325

Specs : Max(V(out1)) = 2.11406612396240
Specs : Max(V(out2)) = 2.14395022392273


************ MonteCarlo Run 14 ************

Param : R9.VALUE  (R_R9.VALUE) = 10.23201696829127
Param : R10.VALUE  (R_R10.VALUE) = 9.90559099093600
Param : R1.VALUE  (R_R1.VALUE) = 977.95800653096103
Param : R2.VALUE  (R_R2.VALUE) = 1.00687429425947k
Param : R3.VALUE  (R_R3.VALUE) = 1.01822412793359k
Param : R4.VALUE  (R_R4.VALUE) = 1.02558519241920k
Param : R5.VALUE  (R_R5.VALUE) = 1.02219153416547k
Param : R6.VALUE  (R_R6.VALUE) = 997.52952665791804
Param : R7.VALUE  (R_R7.VALUE) = 962.30201116977446
Param : R8.VALUE  (R_R8.VALUE) = 493.39045381023590

Specs : Max(V(out1)) = 2.17453742027283
Specs : Max(V(out2)) = 2.17871689796448


************ MonteCarlo Run 15 ************

Param : R9.VALUE  (R_R9.VALUE) = 10.33468123416852
Param : R10.VALUE  (R_R10.VALUE) = 9.53509628589740
Param : R1.VALUE  (R_R1.VALUE) = 1.00170140690329k
Param : R2.VALUE  (R_R2.VALUE) = 1.01629840998566k
Param : R3.VALUE  (R_R3.VALUE) = 992.62215033417772
Param : R4.VALUE  (R_R4.VALUE) = 960.46784875026708
Param : R5.VALUE  (R_R5.VALUE) = 1.04493392742698k
Param : R6.VALUE  (R_R6.VALUE) = 1.04213843195898k
Param : R7.VALUE  (R_R7.VALUE) = 1.00495468001343k
Param : R8.VALUE  (R_R8.VALUE) = 492.29941709646903

Specs : Max(V(out1)) = 2.14059329032898
Specs : Max(V(out2)) = 2.15245294570923


************ MonteCarlo Run 16 ************

Param : R9.VALUE  (R_R9.VALUE) = 9.97172460097049
Param : R10.VALUE  (R_R10.VALUE) = 9.87498092593158
Param : R1.VALUE  (R_R1.VALUE) = 1.03469801934874k
Param : R2.VALUE  (R_R2.VALUE) = 981.68736838892789
Param : R3.VALUE  (R_R3.VALUE) = 995.60991241187776
Param : R4.VALUE  (R_R4.VALUE) = 977.18894009216592
Param : R5.VALUE  (R_R5.VALUE) = 1.04829706717124k
Param : R6.VALUE  (R_R6.VALUE) = 979.77996154667801
Param : R7.VALUE  (R_R7.VALUE) = 1.02391888180181k
Param : R8.VALUE  (R_R8.VALUE) = 503.36390270699184

Specs : Max(V(out1)) = 2.07126021385193
Specs : Max(V(out2)) = 2.08010005950928


************ MonteCarlo Run 17 ************

Param : R9.VALUE  (R_R9.VALUE) = 9.69598986785485
Param : R10.VALUE  (R_R10.VALUE) = 10.26131473738823
Param : R1.VALUE  (R_R1.VALUE) = 1.03394421216468k
Param : R2.VALUE  (R_R2.VALUE) = 989.76561784722435
Param : R3.VALUE  (R_R3.VALUE) = 1.00009002960295k
Param : R4.VALUE  (R_R4.VALUE) = 1.03901638843959k
Param : R5.VALUE  (R_R5.VALUE) = 952.74666585283978
Param : R6.VALUE  (R_R6.VALUE) = 1.04946287423322k
Param : R7.VALUE  (R_R7.VALUE) = 1.00725882747887k
Param : R8.VALUE  (R_R8.VALUE) = 477.52540665913881

Specs : Max(V(out1)) = 2.11761546134949
Specs : Max(V(out2)) = 2.13983106613159


************ MonteCarlo Run 18 ************

Param : R9.VALUE  (R_R9.VALUE) = 10.03132724997711
Param : R10.VALUE  (R_R10.VALUE) = 9.69406720175787
Param : R1.VALUE  (R_R1.VALUE) = 1.03430433057649k
Param : R2.VALUE  (R_R2.VALUE) = 1.01267586291086k
Param : R3.VALUE  (R_R3.VALUE) = 1.01576128421888k
Param : R4.VALUE  (R_R4.VALUE) = 969.78514969328899
Param : R5.VALUE  (R_R5.VALUE) = 1.03421582689901k
Param : R6.VALUE  (R_R6.VALUE) = 962.33252967925046
Param : R7.VALUE  (R_R7.VALUE) = 960.99276711325422
Param : R8.VALUE  (R_R8.VALUE) = 512.15628528702666

Specs : Max(V(out1)) = 2.11118650436401
Specs : Max(V(out2)) = 2.12754440307617


************ MonteCarlo Run 19 ************

Param : R9.VALUE  (R_R9.VALUE) = 9.81406598101749
Param : R10.VALUE  (R_R10.VALUE) = 10.44106875820185
Param : R1.VALUE  (R_R1.VALUE) = 978.60805078279975
Param : R2.VALUE  (R_R2.VALUE) = 983.63139744254886
Param : R3.VALUE  (R_R3.VALUE) = 964.02630695516837
Param : R4.VALUE  (R_R4.VALUE) = 1.02330851161229k
Param : R5.VALUE  (R_R5.VALUE) = 1.03346201971496k
Param : R6.VALUE  (R_R6.VALUE) = 1.02079989013337k
Param : R7.VALUE  (R_R7.VALUE) = 1.01002380443739k
Param : R8.VALUE  (R_R8.VALUE) = 512.36075930051572

Specs : Max(V(out1)) = 2.14123964309692
Specs : Max(V(out2)) = 2.14668917655945


************ MonteCarlo Run 20 ************

Param : R9.VALUE  (R_R9.VALUE) = 9.75272377697073
Param : R10.VALUE  (R_R10.VALUE) = 9.64447462385937
Param : R1.VALUE  (R_R1.VALUE) = 950.16174810022278
Param : R2.VALUE  (R_R2.VALUE) = 956.10065004425178
Param : R3.VALUE  (R_R3.VALUE) = 1.03062379833369k
Param : R4.VALUE  (R_R4.VALUE) = 1.03526261177404k
Param : R5.VALUE  (R_R5.VALUE) = 971.05777153843803
Param : R6.VALUE  (R_R6.VALUE) = 961.56041138950775
Param : R7.VALUE  (R_R7.VALUE) = 1.00532090212714k
Param : R8.VALUE  (R_R8.VALUE) = 475.71260719626451

Specs : Max(V(out1)) = 2.14033889770508
Specs : Max(V(out2)) = 2.11404109001160


************ MonteCarlo Run 21 ************

Param : R9.VALUE  (R_R9.VALUE) = 9.61377300332652
Param : R10.VALUE  (R_R10.VALUE) = 9.95451216162603
Param : R1.VALUE  (R_R1.VALUE) = 1.02522202215644k
Param : R2.VALUE  (R_R2.VALUE) = 1.01861476485488k
Param : R3.VALUE  (R_R3.VALUE) = 1.00434430982391k
Param : R4.VALUE  (R_R4.VALUE) = 957.38853114413894
Param : R5.VALUE  (R_R5.VALUE) = 993.67198706015199
Param : R6.VALUE  (R_R6.VALUE) = 970.19409772026734
Param : R7.VALUE  (R_R7.VALUE) = 1.01962187566759k
Param : R8.VALUE  (R_R8.VALUE) = 489.51765495773185

Specs : Max(V(out1)) = 2.09639644622803
Specs : Max(V(out2)) = 2.08284759521484


************ MonteCarlo Run 22 ************

Param : R9.VALUE  (R_R9.VALUE) = 9.93668935209204
Param : R10.VALUE  (R_R10.VALUE) = 9.73242896816920
Param : R1.VALUE  (R_R1.VALUE) = 1.00778679769280k
Param : R2.VALUE  (R_R2.VALUE) = 1.00325785088656k
Param : R3.VALUE  (R_R3.VALUE) = 1.01286812952055k
Param : R4.VALUE  (R_R4.VALUE) = 966.01916562395093
Param : R5.VALUE  (R_R5.VALUE) = 1.00041352580340k
Param : R6.VALUE  (R_R6.VALUE) = 1.04630420850246k
Param : R7.VALUE  (R_R7.VALUE) = 1.01957609790338k
Param : R8.VALUE  (R_R8.VALUE) = 521.24011963255714

Specs : Max(V(out1)) = 2.12656116485596
Specs : Max(V(out2)) = 2.13343620300293


************ MonteCarlo Run 23 ************

Param : R9.VALUE  (R_R9.VALUE) = 9.68994720297861
Param : R10.VALUE  (R_R10.VALUE) = 9.83594775231178
Param : R1.VALUE  (R_R1.VALUE) = 967.83501693777271
Param : R2.VALUE  (R_R2.VALUE) = 1.04951780755028k
Param : R3.VALUE  (R_R3.VALUE) = 995.74419385357214
Param : R4.VALUE  (R_R4.VALUE) = 1.04980162968841k
Param : R5.VALUE  (R_R5.VALUE) = 959.75066377758117
Param : R6.VALUE  (R_R6.VALUE) = 1.01251716666158k
Param : R7.VALUE  (R_R7.VALUE) = 959.43937498092589
Param : R8.VALUE  (R_R8.VALUE) = 496.88634907071139

Specs : Max(V(out1)) = 2.21735000610352
Specs : Max(V(out2)) = 2.20610952377319


************ MonteCarlo Run 24 ************

Param : R9.VALUE  (R_R9.VALUE) = 10.43151646473586
Param : R10.VALUE  (R_R10.VALUE) = 9.54843287453841
Param : R1.VALUE  (R_R1.VALUE) = 1.03946195867794k
Param : R2.VALUE  (R_R2.VALUE) = 979.00173955504010
Param : R3.VALUE  (R_R3.VALUE) = 972.73018585772274
Param : R4.VALUE  (R_R4.VALUE) = 1.02690664387951k
Param : R5.VALUE  (R_R5.VALUE) = 991.07181005279699
Param : R6.VALUE  (R_R6.VALUE) = 970.19714957121494
Param : R7.VALUE  (R_R7.VALUE) = 1.01280709250160k
Param : R8.VALUE  (R_R8.VALUE) = 505.20722067934196

Specs : Max(V(out1)) = 2.07473230361938
Specs : Max(V(out2)) = 2.08455395698547


************ MonteCarlo Run 25 ************

Param : R9.VALUE  (R_R9.VALUE) = 9.95161290322581
Param : R10.VALUE  (R_R10.VALUE) = 9.96635334330271
Param : R1.VALUE  (R_R1.VALUE) = 1.00978270821253k
Param : R2.VALUE  (R_R2.VALUE) = 1.01347239600818k
Param : R3.VALUE  (R_R3.VALUE) = 1.03547929319132k
Param : R4.VALUE  (R_R4.VALUE) = 1.03287911618397k
Param : R5.VALUE  (R_R5.VALUE) = 1.01247749259926k
Param : R6.VALUE  (R_R6.VALUE) = 1.02209082308420k
Param : R7.VALUE  (R_R7.VALUE) = 1.00657521286660k
Param : R8.VALUE  (R_R8.VALUE) = 493.75667592394791

Specs : Max(V(out1)) = 2.14522385597229
Specs : Max(V(out2)) = 2.14680314064026


************ MonteCarlo Run 26 ************

Param : R9.VALUE  (R_R9.VALUE) = 9.68427076021607
Param : R10.VALUE  (R_R10.VALUE) = 10.23790704062014
Param : R1.VALUE  (R_R1.VALUE) = 1.00551316873684k
Param : R2.VALUE  (R_R2.VALUE) = 1.04050874355297k
Param : R3.VALUE  (R_R3.VALUE) = 974.28662984099856
Param : R4.VALUE  (R_R4.VALUE) = 968.89400921658989
Param : R5.VALUE  (R_R5.VALUE) = 1.01047242652669k
Param : R6.VALUE  (R_R6.VALUE) = 1.01985076448866k
Param : R7.VALUE  (R_R7.VALUE) = 1.00846125675222k
Param : R8.VALUE  (R_R8.VALUE) = 492.56492812891020

Specs : Max(V(out1)) = 2.14368343353271
Specs : Max(V(out2)) = 2.14016342163086


************ MonteCarlo Run 27 ************

Param : R9.VALUE  (R_R9.VALUE) = 9.99446089053011
Param : R10.VALUE  (R_R10.VALUE) = 9.58038575395978
Param : R1.VALUE  (R_R1.VALUE) = 1.02407452620014k
Param : R2.VALUE  (R_R2.VALUE) = 1.01120487075411k
Param : R3.VALUE  (R_R3.VALUE) = 1.01203802606281k
Param : R4.VALUE  (R_R4.VALUE) = 1.01911221655934k
Param : R5.VALUE  (R_R5.VALUE) = 1.03045289468062k
Param : R6.VALUE  (R_R6.VALUE) = 964.91134372997226
Param : R7.VALUE  (R_R7.VALUE) = 1.00760368663594k
Param : R8.VALUE  (R_R8.VALUE) = 518.38663899655148

Specs : Max(V(out1)) = 2.10942840576172
Specs : Max(V(out2)) = 2.10341024398804


************ MonteCarlo Run 28 ************

Param : R9.VALUE  (R_R9.VALUE) = 10.41155735953856
Param : R10.VALUE  (R_R10.VALUE) = 10.11470381786554
Param : R1.VALUE  (R_R1.VALUE) = 1.02276833399457k
Param : R2.VALUE  (R_R2.VALUE) = 954.32142094180119
Param : R3.VALUE  (R_R3.VALUE) = 1.01677755058443k
Param : R4.VALUE  (R_R4.VALUE) = 1.04765312662130k
Param : R5.VALUE  (R_R5.VALUE) = 981.50120548112432
Param : R6.VALUE  (R_R6.VALUE) = 1.00692007202368k
Param : R7.VALUE  (R_R7.VALUE) = 980.58259834589683
Param : R8.VALUE  (R_R8.VALUE) = 483.69624927518538

Specs : Max(V(out1)) = 2.10463762283325
Specs : Max(V(out2)) = 2.13422274589539


************ MonteCarlo Run 29 ************

Param : R9.VALUE  (R_R9.VALUE) = 9.60855433820612
Param : R10.VALUE  (R_R10.VALUE) = 10.36904507583850
Param : R1.VALUE  (R_R1.VALUE) = 1.03512222663045k
Param : R2.VALUE  (R_R2.VALUE) = 1.02443159276101k
Param : R3.VALUE  (R_R3.VALUE) = 965.48814355906859
Param : R4.VALUE  (R_R4.VALUE) = 982.69142735068817
Param : R5.VALUE  (R_R5.VALUE) = 957.93481246375927
Param : R6.VALUE  (R_R6.VALUE) = 957.66014587847530
Param : R7.VALUE  (R_R7.VALUE) = 1.01409802545244k
Param : R8.VALUE  (R_R8.VALUE) = 516.00009155552834

Specs : Max(V(out1)) = 2.09149885177612
Specs : Max(V(out2)) = 2.07810854911804


************ MonteCarlo Run 30 ************

Param : R9.VALUE  (R_R9.VALUE) = 10.04509109775079
Param : R10.VALUE  (R_R10.VALUE) = 9.94825586718345
Param : R1.VALUE  (R_R1.VALUE) = 990.89785454878393
Param : R2.VALUE  (R_R2.VALUE) = 979.87456892605360
Param : R3.VALUE  (R_R3.VALUE) = 996.55598620563364
Param : R4.VALUE  (R_R4.VALUE) = 1.00012054811243k
Param : R5.VALUE  (R_R5.VALUE) = 965.26535843989382
Param : R6.VALUE  (R_R6.VALUE) = 982.30384228034302
Param : R7.VALUE  (R_R7.VALUE) = 1.02379985961486k
Param : R8.VALUE  (R_R8.VALUE) = 490.69414349803151

Specs : Max(V(out1)) = 2.11035108566284
Specs : Max(V(out2)) = 2.09498715400696


************ MonteCarlo Run 31 ************

Param : R9.VALUE  (R_R9.VALUE) = 10.32668538468581
Param : R10.VALUE  (R_R10.VALUE) = 10.45907467879269
Param : R1.VALUE  (R_R1.VALUE) = 1.03733481856746k
Param : R2.VALUE  (R_R2.VALUE) = 1.02250282296213k
Param : R3.VALUE  (R_R3.VALUE) = 980.00579851680050
Param : R4.VALUE  (R_R4.VALUE) = 1.04439985351115k
Param : R5.VALUE  (R_R5.VALUE) = 962.72316660054321
Param : R6.VALUE  (R_R6.VALUE) = 956.57368694112972
Param : R7.VALUE  (R_R7.VALUE) = 1.02849665822321k
Param : R8.VALUE  (R_R8.VALUE) = 501.22913296914584

Specs : Max(V(out1)) = 2.09586524963379
Specs : Max(V(out2)) = 2.07734179496765


************ MonteCarlo Run 32 ************

Param : R9.VALUE  (R_R9.VALUE) = 10.10963774529252
Param : R10.VALUE  (R_R10.VALUE) = 10.45611438337352
Param : R1.VALUE  (R_R1.VALUE) = 957.22678304391616
Param : R2.VALUE  (R_R2.VALUE) = 1.03756370738853k
Param : R3.VALUE  (R_R3.VALUE) = 1.01538590655232k
Param : R4.VALUE  (R_R4.VALUE) = 982.21228675191503
Param : R5.VALUE  (R_R5.VALUE) = 960.48005615405737
Param : R6.VALUE  (R_R6.VALUE) = 1.00050508133183k
Param : R7.VALUE  (R_R7.VALUE) = 972.70882290108955
Param : R8.VALUE  (R_R8.VALUE) = 489.51460310678425

Specs : Max(V(out1)) = 2.19739699363709
Specs : Max(V(out2)) = 2.17403101921082


************ MonteCarlo Run 33 ************

Param : R9.VALUE  (R_R9.VALUE) = 10.41998046815394
Param : R10.VALUE  (R_R10.VALUE) = 10.05116428113651
Param : R1.VALUE  (R_R1.VALUE) = 1.01628009887997k
Param : R2.VALUE  (R_R2.VALUE) = 961.45359660634176
Param : R3.VALUE  (R_R3.VALUE) = 999.25382244331183
Param : R4.VALUE  (R_R4.VALUE) = 987.91314432203126
Param : R5.VALUE  (R_R5.VALUE) = 999.68108157597578
Param : R6.VALUE  (R_R6.VALUE) = 1.02933591723380k
Param : R7.VALUE  (R_R7.VALUE) = 1.00092623676260k
Param : R8.VALUE  (R_R8.VALUE) = 494.11832026123841

Specs : Max(V(out1)) = 2.09902071952820
Specs : Max(V(out2)) = 2.12587571144104


************ MonteCarlo Run 34 ************

Param : R9.VALUE  (R_R9.VALUE) = 10.18816187017426
Param : R10.VALUE  (R_R10.VALUE) = 10.03215124973296
Param : R1.VALUE  (R_R1.VALUE) = 1.01062807092502k
Param : R2.VALUE  (R_R2.VALUE) = 989.51841792046878
Param : R3.VALUE  (R_R3.VALUE) = 950.58900723288673
Param : R4.VALUE  (R_R4.VALUE) = 1.02078768272958k
Param : R5.VALUE  (R_R5.VALUE) = 960.06195257423633
Param : R6.VALUE  (R_R6.VALUE) = 1.01230658894620k
Param : R7.VALUE  (R_R7.VALUE) = 1.03632465590381k
Param : R8.VALUE  (R_R8.VALUE) = 499.57502975554672

Specs : Max(V(out1)) = 2.10410833358765
Specs : Max(V(out2)) = 2.10204672813416


************ MonteCarlo Run 35 ************

Param : R9.VALUE  (R_R9.VALUE) = 10.24733726004822
Param : R10.VALUE  (R_R10.VALUE) = 9.99690237128819
Param : R1.VALUE  (R_R1.VALUE) = 988.01080355235445
Param : R2.VALUE  (R_R2.VALUE) = 1.02853633228553k
Param : R3.VALUE  (R_R3.VALUE) = 1.00528122806482k
Param : R4.VALUE  (R_R4.VALUE) = 985.70970793786432
Param : R5.VALUE  (R_R5.VALUE) = 1.04557176427503k
Param : R6.VALUE  (R_R6.VALUE) = 1.01308481093783k
Param : R7.VALUE  (R_R7.VALUE) = 967.65800958281204
Param : R8.VALUE  (R_R8.VALUE) = 493.71242408520766

Specs : Max(V(out1)) = 2.17233610153198
Specs : Max(V(out2)) = 2.18029761314392


************ MonteCarlo Run 36 ************

Param : R9.VALUE  (R_R9.VALUE) = 9.63162633136998
Param : R10.VALUE  (R_R10.VALUE) = 10.24327829828791
Param : R1.VALUE  (R_R1.VALUE) = 1.04517197180090k
Param : R2.VALUE  (R_R2.VALUE) = 1.01119876705222k
Param : R3.VALUE  (R_R3.VALUE) = 952.78328806421098
Param : R4.VALUE  (R_R4.VALUE) = 982.98440504165774
Param : R5.VALUE  (R_R5.VALUE) = 955.59099093600264
Param : R6.VALUE  (R_R6.VALUE) = 1.01392101809748k
Param : R7.VALUE  (R_R7.VALUE) = 963.16263313699756
Param : R8.VALUE  (R_R8.VALUE) = 517.35358745078884

Specs : Max(V(out1)) = 2.11335682868958
Specs : Max(V(out2)) = 2.14751100540161


************ MonteCarlo Run 37 ************

Param : R9.VALUE  (R_R9.VALUE) = 10.36431470686972
Param : R10.VALUE  (R_R10.VALUE) = 10.09688100833155
Param : R1.VALUE  (R_R1.VALUE) = 1.02216406750694k
Param : R2.VALUE  (R_R2.VALUE) = 1.03539689321574k
Param : R3.VALUE  (R_R3.VALUE) = 951.46794030579554
Param : R4.VALUE  (R_R4.VALUE) = 962.64687032685322
Param : R5.VALUE  (R_R5.VALUE) = 1.02079073458052k
Param : R6.VALUE  (R_R6.VALUE) = 1.01171452986236k
Param : R7.VALUE  (R_R7.VALUE) = 971.75664540543835
Param : R8.VALUE  (R_R8.VALUE) = 478.29752494888152

Specs : Max(V(out1)) = 2.13619351387024
Specs : Max(V(out2)) = 2.15656065940857


************ MonteCarlo Run 38 ************

Param : R9.VALUE  (R_R9.VALUE) = 9.66891994994965
Param : R10.VALUE  (R_R10.VALUE) = 10.12410351878414
Param : R1.VALUE  (R_R1.VALUE) = 984.09833063753172
Param : R2.VALUE  (R_R2.VALUE) = 981.94067201757866
Param : R3.VALUE  (R_R3.VALUE) = 986.75649281289100
Param : R4.VALUE  (R_R4.VALUE) = 1.01610003967406k
Param : R5.VALUE  (R_R5.VALUE) = 1.03023926511429k
Param : R6.VALUE  (R_R6.VALUE) = 1.03068788720359k
Param : R7.VALUE  (R_R7.VALUE) = 1.00265358439894k
Param : R8.VALUE  (R_R8.VALUE) = 505.55513168736843

Specs : Max(V(out1)) = 2.14261126518250
Specs : Max(V(out2)) = 2.15415263175964


************ MonteCarlo Run 39 ************

Param : R9.VALUE  (R_R9.VALUE) = 10.29818109683523
Param : R10.VALUE  (R_R10.VALUE) = 10.40060121463668
Param : R1.VALUE  (R_R1.VALUE) = 964.48103274636071
Param : R2.VALUE  (R_R2.VALUE) = 1.01301767021699k
Param : R3.VALUE  (R_R3.VALUE) = 990.24170659505000
Param : R4.VALUE  (R_R4.VALUE) = 975.37003692739643
Param : R5.VALUE  (R_R5.VALUE) = 963.65398113956110
Param : R6.VALUE  (R_R6.VALUE) = 1.03551896725364k
Param : R7.VALUE  (R_R7.VALUE) = 956.61641285439612
Param : R8.VALUE  (R_R8.VALUE) = 496.39042329172645

Specs : Max(V(out1)) = 2.18981146812439
Specs : Max(V(out2)) = 2.19686174392700


************ MonteCarlo Run 40 ************

Param : R9.VALUE  (R_R9.VALUE) = 10.07335123752556
Param : R10.VALUE  (R_R10.VALUE) = 9.80228583635975
Param : R1.VALUE  (R_R1.VALUE) = 1.00480513931700k
Param : R2.VALUE  (R_R2.VALUE) = 972.55623035370957
Param : R3.VALUE  (R_R3.VALUE) = 981.13498336741236
Param : R4.VALUE  (R_R4.VALUE) = 961.06295968504901
Param : R5.VALUE  (R_R5.VALUE) = 1.03080385753960k
Param : R6.VALUE  (R_R6.VALUE) = 963.47087008270512
Param : R7.VALUE  (R_R7.VALUE) = 978.42493972594377
Param : R8.VALUE  (R_R8.VALUE) = 514.40549943540759

Specs : Max(V(out1)) = 2.09720873832703
Specs : Max(V(out2)) = 2.11052155494690


************ MonteCarlo Run 41 ************

Param : R9.VALUE  (R_R9.VALUE) = 10.39522995696890
Param : R10.VALUE  (R_R10.VALUE) = 10.28963591418195
Param : R1.VALUE  (R_R1.VALUE) = 1.02437971129490k
Param : R2.VALUE  (R_R2.VALUE) = 1.01152226325266k
Param : R3.VALUE  (R_R3.VALUE) = 986.11255226294747
Param : R4.VALUE  (R_R4.VALUE) = 1.03566545609912k
Param : R5.VALUE  (R_R5.VALUE) = 972.84920804467913
Param : R6.VALUE  (R_R6.VALUE) = 1.03635822626423k
Param : R7.VALUE  (R_R7.VALUE) = 972.94381542405472
Param : R8.VALUE  (R_R8.VALUE) = 487.47749259926144

Specs : Max(V(out1)) = 2.14625358581543
Specs : Max(V(out2)) = 2.17240595817566


************ MonteCarlo Run 42 ************

Param : R9.VALUE  (R_R9.VALUE) = 10.04240546891690
Param : R10.VALUE  (R_R10.VALUE) = 10.48483230079043
Param : R1.VALUE  (R_R1.VALUE) = 955.38041322061827
Param : R2.VALUE  (R_R2.VALUE) = 958.14233832819605
Param : R3.VALUE  (R_R3.VALUE) = 1.00246742149113k
Param : R4.VALUE  (R_R4.VALUE) = 992.68013550218200
Param : R5.VALUE  (R_R5.VALUE) = 959.46684163945429
Param : R6.VALUE  (R_R6.VALUE) = 975.87969603564557
Param : R7.VALUE  (R_R7.VALUE) = 1.03915372173223k
Param : R8.VALUE  (R_R8.VALUE) = 486.63823358867154

Specs : Max(V(out1)) = 2.11738491058350
Specs : Max(V(out2)) = 2.08495807647705


************ MonteCarlo Run 43 ************

Param : R9.VALUE  (R_R9.VALUE) = 9.64654988250374
Param : R10.VALUE  (R_R10.VALUE) = 9.62509537034211
Param : R1.VALUE  (R_R1.VALUE) = 1.04316385387738k
Param : R2.VALUE  (R_R2.VALUE) = 958.01110873744926
Param : R3.VALUE  (R_R3.VALUE) = 954.70900601214635
Param : R4.VALUE  (R_R4.VALUE) = 955.87176122318181
Param : R5.VALUE  (R_R5.VALUE) = 983.64055299539166
Param : R6.VALUE  (R_R6.VALUE) = 1.04147007660146k
Param : R7.VALUE  (R_R7.VALUE) = 989.86022522659994
Param : R8.VALUE  (R_R8.VALUE) = 496.63914914395582

Specs : Max(V(out1)) = 2.07352995872498
Specs : Max(V(out2)) = 2.12246274948120


************ MonteCarlo Run 44 ************

Param : R9.VALUE  (R_R9.VALUE) = 10.44616534928434
Param : R10.VALUE  (R_R10.VALUE) = 10.33718375194556
Param : R1.VALUE  (R_R1.VALUE) = 1.00342265083773k
Param : R2.VALUE  (R_R2.VALUE) = 1.03420972319712k
Param : R3.VALUE  (R_R3.VALUE) = 1.01935331278420k
Param : R4.VALUE  (R_R4.VALUE) = 989.76866969817195
Param : R5.VALUE  (R_R5.VALUE) = 975.91631824701687
Param : R6.VALUE  (R_R6.VALUE) = 950.43336283455915
Param : R7.VALUE  (R_R7.VALUE) = 1.00255897701956k
Param : R8.VALUE  (R_R8.VALUE) = 522.74010437330242

Specs : Max(V(out1)) = 2.13112902641296
Specs : Max(V(out2)) = 2.10057163238525


************ MonteCarlo Run 45 ************

Param : R9.VALUE  (R_R9.VALUE) = 9.89869380779443
Param : R10.VALUE  (R_R10.VALUE) = 9.74109622486038
Param : R1.VALUE  (R_R1.VALUE) = 1.00855586413160k
Param : R2.VALUE  (R_R2.VALUE) = 975.51347392193361
Param : R3.VALUE  (R_R3.VALUE) = 1.01840113528855k
Param : R4.VALUE  (R_R4.VALUE) = 1.04452803125095k
Param : R5.VALUE  (R_R5.VALUE) = 993.54991302224801
Param : R6.VALUE  (R_R6.VALUE) = 1.03902249214148k
Param : R7.VALUE  (R_R7.VALUE) = 950.71718497268603
Param : R8.VALUE  (R_R8.VALUE) = 522.04886013367104

Specs : Max(V(out1)) = 2.15114736557007
Specs : Max(V(out2)) = 2.19308114051819


************ MonteCarlo Run 46 ************

Param : R9.VALUE  (R_R9.VALUE) = 10.10155034028138
Param : R10.VALUE  (R_R10.VALUE) = 10.28615680410169
Param : R1.VALUE  (R_R1.VALUE) = 1.00766777550584k
Param : R2.VALUE  (R_R2.VALUE) = 964.24298837244794
Param : R3.VALUE  (R_R3.VALUE) = 972.23273415326389
Param : R4.VALUE  (R_R4.VALUE) = 988.30072939237641
Param : R5.VALUE  (R_R5.VALUE) = 950.42725913266395
Param : R6.VALUE  (R_R6.VALUE) = 991.79204687643050
Param : R7.VALUE  (R_R7.VALUE) = 958.22473830378124
Param : R8.VALUE  (R_R8.VALUE) = 507.99661244544814

Specs : Max(V(out1)) = 2.11151933670044
Specs : Max(V(out2)) = 2.13841605186462


************ MonteCarlo Run 47 ************

Param : R9.VALUE  (R_R9.VALUE) = 10.35509811700797
Param : R10.VALUE  (R_R10.VALUE) = 9.56485183263649
Param : R1.VALUE  (R_R1.VALUE) = 1.03110599078341k
Param : R2.VALUE  (R_R2.VALUE) = 1.01620685445723k
Param : R3.VALUE  (R_R3.VALUE) = 1.01914883877071k
Param : R4.VALUE  (R_R4.VALUE) = 1.03026978362377k
Param : R5.VALUE  (R_R5.VALUE) = 1.00301370281075k
Param : R6.VALUE  (R_R6.VALUE) = 1.01856288338878k
Param : R7.VALUE  (R_R7.VALUE) = 964.27655873287142
Param : R8.VALUE  (R_R8.VALUE) = 509.47523422956021

Specs : Max(V(out1)) = 2.14446163177490
Specs : Max(V(out2)) = 2.17104649543762


************ MonteCarlo Run 48 ************

Param : R9.VALUE  (R_R9.VALUE) = 10.22789696951201
Param : R10.VALUE  (R_R10.VALUE) = 10.27773369548631
Param : R1.VALUE  (R_R1.VALUE) = 953.10678426465654
Param : R2.VALUE  (R_R2.VALUE) = 1.03686788537248k
Param : R3.VALUE  (R_R3.VALUE) = 1.01445204016236k
Param : R4.VALUE  (R_R4.VALUE) = 1.02065645313883k
Param : R5.VALUE  (R_R5.VALUE) = 958.54518265327931
Param : R6.VALUE  (R_R6.VALUE) = 1.00519882808924k
Param : R7.VALUE  (R_R7.VALUE) = 1.04479049043245k
Param : R8.VALUE  (R_R8.VALUE) = 477.93893246253856

Specs : Max(V(out1)) = 2.18086194992065
Specs : Max(V(out2)) = 2.13030147552490


************ MonteCarlo Run 49 ************

Param : R9.VALUE  (R_R9.VALUE) = 9.77497177037873
Param : R10.VALUE  (R_R10.VALUE) = 9.64517654957732
Param : R1.VALUE  (R_R1.VALUE) = 1.04817804498428k
Param : R2.VALUE  (R_R2.VALUE) = 1.01199835200049k
Param : R3.VALUE  (R_R3.VALUE) = 979.22452467421499
Param : R4.VALUE  (R_R4.VALUE) = 1.04224829859310k
Param : R5.VALUE  (R_R5.VALUE) = 986.75344096194340
Param : R6.VALUE  (R_R6.VALUE) = 1.01945402386547k
Param : R7.VALUE  (R_R7.VALUE) = 971.86346018860434
Param : R8.VALUE  (R_R8.VALUE) = 482.79595324564349

Specs : Max(V(out1)) = 2.12532353401184
Specs : Max(V(out2)) = 2.15777420997620


************ MonteCarlo Run 50 ************

Param : R9.VALUE  (R_R9.VALUE) = 9.74054689168981
Param : R10.VALUE  (R_R10.VALUE) = 10.02143925290689
Param : R1.VALUE  (R_R1.VALUE) = 1.04022797326579k
Param : R2.VALUE  (R_R2.VALUE) = 960.64180425428026
Param : R3.VALUE  (R_R3.VALUE) = 1.04026459547716k
Param : R4.VALUE  (R_R4.VALUE) = 994.17249061555833
Param : R5.VALUE  (R_R5.VALUE) = 958.01110873744926
Param : R6.VALUE  (R_R6.VALUE) = 1.02820978423414k
Param : R7.VALUE  (R_R7.VALUE) = 967.17886898403879
Param : R8.VALUE  (R_R8.VALUE) = 523.71974852748190

Specs : Max(V(out1)) = 2.09882140159607
Specs : Max(V(out2)) = 2.14149570465088


************ MonteCarlo Run 51 ************

Param : R9.VALUE  (R_R9.VALUE) = 10.27587206640828
Param : R10.VALUE  (R_R10.VALUE) = 10.37038789025544
Param : R1.VALUE  (R_R1.VALUE) = 971.06387524033323
Param : R2.VALUE  (R_R2.VALUE) = 995.66179387798707
Param : R3.VALUE  (R_R3.VALUE) = 950.37537766655475
Param : R4.VALUE  (R_R4.VALUE) = 1.02506332590716k
Param : R5.VALUE  (R_R5.VALUE) = 961.40476699118017
Param : R6.VALUE  (R_R6.VALUE) = 990.47059541611998
Param : R7.VALUE  (R_R7.VALUE) = 981.11362041077905
Param : R8.VALUE  (R_R8.VALUE) = 524.63072603534044

Specs : Max(V(out1)) = 2.15622925758362
Specs : Max(V(out2)) = 2.15146923065186


************ MonteCarlo Run 52 ************

Param : R9.VALUE  (R_R9.VALUE) = 9.53857539597766
Param : R10.VALUE  (R_R10.VALUE) = 9.75208288827174
Param : R1.VALUE  (R_R1.VALUE) = 968.92757957701349
Param : R2.VALUE  (R_R2.VALUE) = 974.76882229071941
Param : R3.VALUE  (R_R3.VALUE) = 965.35081026642661
Param : R4.VALUE  (R_R4.VALUE) = 1.01203192236091k
Param : R5.VALUE  (R_R5.VALUE) = 1.03853724784082k
Param : R6.VALUE  (R_R6.VALUE) = 1.04390850550859k
Param : R7.VALUE  (R_R7.VALUE) = 969.56541642506181
Param : R8.VALUE  (R_R8.VALUE) = 513.98281807916499

Specs : Max(V(out1)) = 2.16494917869568
Specs : Max(V(out2)) = 2.19366049766541


************ MonteCarlo Run 53 ************

Param : R9.VALUE  (R_R9.VALUE) = 10.14555803094577
Param : R10.VALUE  (R_R10.VALUE) = 10.15675832392346
Param : R1.VALUE  (R_R1.VALUE) = 1.04091463972900k
Param : R2.VALUE  (R_R2.VALUE) = 995.54582354197817
Param : R3.VALUE  (R_R3.VALUE) = 1.04212927640614k
Param : R4.VALUE  (R_R4.VALUE) = 1.01641743217261k
Param : R5.VALUE  (R_R5.VALUE) = 965.07614368114264
Param : R6.VALUE  (R_R6.VALUE) = 1.01363414410840k
Param : R7.VALUE  (R_R7.VALUE) = 1.00695364238411k
Param : R8.VALUE  (R_R8.VALUE) = 496.10202337717823

Specs : Max(V(out1)) = 2.10438489913940
Specs : Max(V(out2)) = 2.11528849601746


************ MonteCarlo Run 54 ************

Param : R9.VALUE  (R_R9.VALUE) = 10.44302194280831
Param : R10.VALUE  (R_R10.VALUE) = 10.04057435834834
Param : R1.VALUE  (R_R1.VALUE) = 1.00785699026460k
Param : R2.VALUE  (R_R2.VALUE) = 1.00364543595691k
Param : R3.VALUE  (R_R3.VALUE) = 975.52873317667161
Param : R4.VALUE  (R_R4.VALUE) = 989.69542527542956
Param : R5.VALUE  (R_R5.VALUE) = 985.02609332560201
Param : R6.VALUE  (R_R6.VALUE) = 953.66222113711967
Param : R7.VALUE  (R_R7.VALUE) = 1.02952513199255k
Param : R8.VALUE  (R_R8.VALUE) = 484.82543412579730

Specs : Max(V(out1)) = 2.09502482414246
Specs : Max(V(out2)) = 2.07253384590149


************ MonteCarlo Run 55 ************

Param : R9.VALUE  (R_R9.VALUE) = 9.57028412732322
Param : R10.VALUE  (R_R10.VALUE) = 9.88941618091372
Param : R1.VALUE  (R_R1.VALUE) = 1.00907467879269k
Param : R2.VALUE  (R_R2.VALUE) = 957.09250160222166
Param : R3.VALUE  (R_R3.VALUE) = 969.76683858760339
Param : R4.VALUE  (R_R4.VALUE) = 965.58885464033938
Param : R5.VALUE  (R_R5.VALUE) = 1.01443372905667k
Param : R6.VALUE  (R_R6.VALUE) = 995.43290505691709
Param : R7.VALUE  (R_R7.VALUE) = 1.01042970061342k
Param : R8.VALUE  (R_R8.VALUE) = 509.86739707632677

Specs : Max(V(out1)) = 2.08106613159180
Specs : Max(V(out2)) = 2.09715008735657


************ MonteCarlo Run 56 ************

Param : R9.VALUE  (R_R9.VALUE) = 9.94129764702292
Param : R10.VALUE  (R_R10.VALUE) = 10.18446913052767
Param : R1.VALUE  (R_R1.VALUE) = 989.65269936216316
Param : R2.VALUE  (R_R2.VALUE) = 1.03357188634907k
Param : R3.VALUE  (R_R3.VALUE) = 1.00922116763817k
Param : R4.VALUE  (R_R4.VALUE) = 969.95910519730216
Param : R5.VALUE  (R_R5.VALUE) = 1.04494613483077k
Param : R6.VALUE  (R_R6.VALUE) = 1.03760032959990k
Param : R7.VALUE  (R_R7.VALUE) = 989.17050691244231
Param : R8.VALUE  (R_R8.VALUE) = 524.37284463026822

Specs : Max(V(out1)) = 2.16946363449097
Specs : Max(V(out2)) = 2.17454218864441


************ MonteCarlo Run 57 ************

Param : R9.VALUE  (R_R9.VALUE) = 9.68530838953826
Param : R10.VALUE  (R_R10.VALUE) = 10.39571825312052
Param : R1.VALUE  (R_R1.VALUE) = 1.00744499038667k
Param : R2.VALUE  (R_R2.VALUE) = 994.20606097598193
Param : R3.VALUE  (R_R3.VALUE) = 1.01273384807886k
Param : R4.VALUE  (R_R4.VALUE) = 1.02085177159948k
Param : R5.VALUE  (R_R5.VALUE) = 954.96230964079712
Param : R6.VALUE  (R_R6.VALUE) = 978.55616931669056
Param : R7.VALUE  (R_R7.VALUE) = 976.02008117923526
Param : R8.VALUE  (R_R8.VALUE) = 495.38178655354471

Specs : Max(V(out1)) = 2.12991380691528
Specs : Max(V(out2)) = 2.13163948059082


************ MonteCarlo Run 58 ************

Param : R9.VALUE  (R_R9.VALUE) = 10.39532151249733
Param : R10.VALUE  (R_R10.VALUE) = 10.21019623401593
Param : R1.VALUE  (R_R1.VALUE) = 1.02284463026826k
Param : R2.VALUE  (R_R2.VALUE) = 1.03960539567248k
Param : R3.VALUE  (R_R3.VALUE) = 989.35666982024600
Param : R4.VALUE  (R_R4.VALUE) = 989.74120303964355
Param : R5.VALUE  (R_R5.VALUE) = 1.04038666951506k
Param : R6.VALUE  (R_R6.VALUE) = 980.86031678212839
Param : R7.VALUE  (R_R7.VALUE) = 988.81038850062566
Param : R8.VALUE  (R_R8.VALUE) = 503.52870265816216

Specs : Max(V(out1)) = 2.13094067573547
Specs : Max(V(out2)) = 2.13210868835449


************ MonteCarlo Run 59 ************

Param : R9.VALUE  (R_R9.VALUE) = 9.85355693227943
Param : R10.VALUE  (R_R10.VALUE) = 10.23369548631245
Param : R1.VALUE  (R_R1.VALUE) = 1.02453535569323k
Param : R2.VALUE  (R_R2.VALUE) = 1.02363811151463k
Param : R3.VALUE  (R_R3.VALUE) = 1.02394329660939k
Param : R4.VALUE  (R_R4.VALUE) = 963.93169957579278
Param : R5.VALUE  (R_R5.VALUE) = 970.01709036530656
Param : R6.VALUE  (R_R6.VALUE) = 977.25913266396071
Param : R7.VALUE  (R_R7.VALUE) = 1.01804406872768k
Param : R8.VALUE  (R_R8.VALUE) = 520.55650502029482

Specs : Max(V(out1)) = 2.10610723495483
Specs : Max(V(out2)) = 2.08859348297119


************ MonteCarlo Run 60 ************

Param : R9.VALUE  (R_R9.VALUE) = 9.86783959471419
Param : R10.VALUE  (R_R10.VALUE) = 10.01765495773187
Param : R1.VALUE  (R_R1.VALUE) = 960.93783379619731
Param : R2.VALUE  (R_R2.VALUE) = 1.04074373607593k
Param : R3.VALUE  (R_R3.VALUE) = 970.30701620532852
Param : R4.VALUE  (R_R4.VALUE) = 1.00179601428266k
Param : R5.VALUE  (R_R5.VALUE) = 1.01548356578265k
Param : R6.VALUE  (R_R6.VALUE) = 993.85204626606037
Param : R7.VALUE  (R_R7.VALUE) = 1.01876430555132k
Param : R8.VALUE  (R_R8.VALUE) = 479.52131717886897

Specs : Max(V(out1)) = 2.17492747306824
Specs : Max(V(out2)) = 2.14281535148621


************ MonteCarlo Run 61 ************

Param : R9.VALUE  (R_R9.VALUE) = 9.57956175420392
Param : R10.VALUE  (R_R10.VALUE) = 9.57577745902890
Param : R1.VALUE  (R_R1.VALUE) = 952.78023621326338
Param : R2.VALUE  (R_R2.VALUE) = 985.50828577532275
Param : R3.VALUE  (R_R3.VALUE) = 980.72298348948641
Param : R4.VALUE  (R_R4.VALUE) = 1.01972869045076k
Param : R5.VALUE  (R_R5.VALUE) = 964.26740318002874
Param : R6.VALUE  (R_R6.VALUE) = 989.48484756004518
Param : R7.VALUE  (R_R7.VALUE) = 956.78426465651410
Param : R8.VALUE  (R_R8.VALUE) = 508.78704184087655

Specs : Max(V(out1)) = 2.17809033393860
Specs : Max(V(out2)) = 2.17587947845459


************ MonteCarlo Run 62 ************

Param : R9.VALUE  (R_R9.VALUE) = 10.22493667409284
Param : R10.VALUE  (R_R10.VALUE) = 9.69870601519822
Param : R1.VALUE  (R_R1.VALUE) = 1.01940214239937k
Param : R2.VALUE  (R_R2.VALUE) = 1.01157109286782k
Param : R3.VALUE  (R_R3.VALUE) = 1.01548966948454k
Param : R4.VALUE  (R_R4.VALUE) = 1.00439924314097k
Param : R5.VALUE  (R_R5.VALUE) = 959.83001190221876
Param : R6.VALUE  (R_R6.VALUE) = 1.00453657643361k
Param : R7.VALUE  (R_R7.VALUE) = 954.96230964079712
Param : R8.VALUE  (R_R8.VALUE) = 523.72890408032470

Specs : Max(V(out1)) = 2.14481329917908
Specs : Max(V(out2)) = 2.16395401954651


************ MonteCarlo Run 63 ************

Param : R9.VALUE  (R_R9.VALUE) = 9.96403393658254
Param : R10.VALUE  (R_R10.VALUE) = 10.46996978667562
Param : R1.VALUE  (R_R1.VALUE) = 1.02278664510025k
Param : R2.VALUE  (R_R2.VALUE) = 1.00309610278634k
Param : R3.VALUE  (R_R3.VALUE) = 1.01799218726157k
Param : R4.VALUE  (R_R4.VALUE) = 1.01928006836146k
Param : R5.VALUE  (R_R5.VALUE) = 987.21121860408334
Param : R6.VALUE  (R_R6.VALUE) = 988.86226996673486
Param : R7.VALUE  (R_R7.VALUE) = 954.99588000122071
Param : R8.VALUE  (R_R8.VALUE) = 515.48890652180546

Specs : Max(V(out1)) = 2.13532185554504
Specs : Max(V(out2)) = 2.15568637847900


************ MonteCarlo Run 64 ************

Param : R9.VALUE  (R_R9.VALUE) = 9.66956083864864
Param : R10.VALUE  (R_R10.VALUE) = 9.56082338938566
Param : R1.VALUE  (R_R1.VALUE) = 981.05563524277477
Param : R2.VALUE  (R_R2.VALUE) = 1.02844782860805k
Param : R3.VALUE  (R_R3.VALUE) = 971.24698629718921
Param : R4.VALUE  (R_R4.VALUE) = 982.19092379528183
Param : R5.VALUE  (R_R5.VALUE) = 998.46644489883124
Param : R6.VALUE  (R_R6.VALUE) = 950.91555528428000
Param : R7.VALUE  (R_R7.VALUE) = 993.98632770775475
Param : R8.VALUE  (R_R8.VALUE) = 500.39292580950348

Specs : Max(V(out1)) = 2.14363694190979
Specs : Max(V(out2)) = 2.11717724800110


************ MonteCarlo Run 65 ************

Param : R9.VALUE  (R_R9.VALUE) = 10.10594500564593
Param : R10.VALUE  (R_R10.VALUE) = 10.25853755302591
Param : R1.VALUE  (R_R1.VALUE) = 990.10742515335551
Param : R2.VALUE  (R_R2.VALUE) = 984.98031556138801
Param : R3.VALUE  (R_R3.VALUE) = 1.03426465651418k
Param : R4.VALUE  (R_R4.VALUE) = 1.04423200170904k
Param : R5.VALUE  (R_R5.VALUE) = 1.01233100375378k
Param : R6.VALUE  (R_R6.VALUE) = 1.04972838526566k
Param : R7.VALUE  (R_R7.VALUE) = 955.34684286019467
Param : R8.VALUE  (R_R8.VALUE) = 503.14264351329086

Specs : Max(V(out1)) = 2.17453145980835
Specs : Max(V(out2)) = 2.20656466484070


************ MonteCarlo Run 66 ************

Param : R9.VALUE  (R_R9.VALUE) = 10.36355174413282
Param : R10.VALUE  (R_R10.VALUE) = 9.88676107058931
Param : R1.VALUE  (R_R1.VALUE) = 980.64058351390111
Param : R2.VALUE  (R_R2.VALUE) = 978.42188787499617
Param : R3.VALUE  (R_R3.VALUE) = 952.67036957914979
Param : R4.VALUE  (R_R4.VALUE) = 1.01125675222022k
Param : R5.VALUE  (R_R5.VALUE) = 989.11862544633323
Param : R6.VALUE  (R_R6.VALUE) = 951.86162907803589
Param : R7.VALUE  (R_R7.VALUE) = 953.10373241370894
Param : R8.VALUE  (R_R8.VALUE) = 497.78511917477954

Specs : Max(V(out1)) = 2.13447237014771
Specs : Max(V(out2)) = 2.14148640632629


************ MonteCarlo Run 67 ************

Param : R9.VALUE  (R_R9.VALUE) = 10.35793633838923
Param : R10.VALUE  (R_R10.VALUE) = 10.43676564836573
Param : R1.VALUE  (R_R1.VALUE) = 990.18982512894070
Param : R2.VALUE  (R_R2.VALUE) = 1.02272865993225k
Param : R3.VALUE  (R_R3.VALUE) = 1.01115909298990k
Param : R4.VALUE  (R_R4.VALUE) = 1.03083742790002k
Param : R5.VALUE  (R_R5.VALUE) = 1.03754234443190k
Param : R6.VALUE  (R_R6.VALUE) = 1.00825983458968k
Param : R7.VALUE  (R_R7.VALUE) = 1.00950193792535k
Param : R8.VALUE  (R_R8.VALUE) = 478.95062105166784

Specs : Max(V(out1)) = 2.15782999992371
Specs : Max(V(out2)) = 2.14852213859558


************ MonteCarlo Run 68 ************

Param : R9.VALUE  (R_R9.VALUE) = 10.29317606128117
Param : R10.VALUE  (R_R10.VALUE) = 9.96220282601398
Param : R1.VALUE  (R_R1.VALUE) = 1.00906247138890k
Param : R2.VALUE  (R_R2.VALUE) = 1.00894344920194k
Param : R3.VALUE  (R_R3.VALUE) = 1.00692007202368k
Param : R4.VALUE  (R_R4.VALUE) = 1.03160649433882k
Param : R5.VALUE  (R_R5.VALUE) = 1.01727500228889k
Param : R6.VALUE  (R_R6.VALUE) = 984.35773796807769
Param : R7.VALUE  (R_R7.VALUE) = 951.02237006744599
Param : R8.VALUE  (R_R8.VALUE) = 488.36558122501293

Specs : Max(V(out1)) = 2.15149998664856
Specs : Max(V(out2)) = 2.16881990432739


************ MonteCarlo Run 69 ************

Param : R9.VALUE  (R_R9.VALUE) = 9.84156315805536
Param : R10.VALUE  (R_R10.VALUE) = 9.73209326456496
Param : R1.VALUE  (R_R1.VALUE) = 1.02710196234016k
Param : R2.VALUE  (R_R2.VALUE) = 987.17459639271226
Param : R3.VALUE  (R_R3.VALUE) = 1.03698690755943k
Param : R4.VALUE  (R_R4.VALUE) = 961.68553727835933
Param : R5.VALUE  (R_R5.VALUE) = 1.02255775627918k
Param : R6.VALUE  (R_R6.VALUE) = 1.01289254432813k
Param : R7.VALUE  (R_R7.VALUE) = 1.03939481795709k
Param : R8.VALUE  (R_R8.VALUE) = 484.15097506637778

Specs : Max(V(out1)) = 2.08574438095093
Specs : Max(V(out2)) = 2.08732175827026


************ MonteCarlo Run 70 ************

Param : R9.VALUE  (R_R9.VALUE) = 10.03556932279428
Param : R10.VALUE  (R_R10.VALUE) = 10.40200506607257
Param : R1.VALUE  (R_R1.VALUE) = 1.02800836207160k
Param : R2.VALUE  (R_R2.VALUE) = 1.04652088991974k
Param : R3.VALUE  (R_R3.VALUE) = 969.73632007812739
Param : R4.VALUE  (R_R4.VALUE) = 1.04015472884304k
Param : R5.VALUE  (R_R5.VALUE) = 1.02974181340983k
Param : R6.VALUE  (R_R6.VALUE) = 1.04533982360302k
Param : R7.VALUE  (R_R7.VALUE) = 1.03488113040559k
Param : R8.VALUE  (R_R8.VALUE) = 519.51734977263709

Specs : Max(V(out1)) = 2.14056372642517
Specs : Max(V(out2)) = 2.14357495307922


************ MonteCarlo Run 71 ************

Param : R9.VALUE  (R_R9.VALUE) = 10.12871181371502
Param : R10.VALUE  (R_R10.VALUE) = 9.68546098208564
Param : R1.VALUE  (R_R1.VALUE) = 1.01169316690573k
Param : R2.VALUE  (R_R2.VALUE) = 976.49922177800840
Param : R3.VALUE  (R_R3.VALUE) = 975.06485183263646
Param : R4.VALUE  (R_R4.VALUE) = 1.02322000793481k
Param : R5.VALUE  (R_R5.VALUE) = 1.02881099887082k
Param : R6.VALUE  (R_R6.VALUE) = 967.09341715750611
Param : R7.VALUE  (R_R7.VALUE) = 1.02138889736625k
Param : R8.VALUE  (R_R8.VALUE) = 499.04705954161199

Specs : Max(V(out1)) = 2.09008026123047
Specs : Max(V(out2)) = 2.08871150016785


************ MonteCarlo Run 72 ************

Param : R9.VALUE  (R_R9.VALUE) = 9.58148442030091
Param : R10.VALUE  (R_R10.VALUE) = 10.30654316843165
Param : R1.VALUE  (R_R1.VALUE) = 1.03553422650838k
Param : R2.VALUE  (R_R2.VALUE) = 962.46375926999724
Param : R3.VALUE  (R_R3.VALUE) = 980.74739829706709
Param : R4.VALUE  (R_R4.VALUE) = 1.00733207190161k
Param : R5.VALUE  (R_R5.VALUE) = 997.29758598590047
Param : R6.VALUE  (R_R6.VALUE) = 1.02620471816157k
Param : R7.VALUE  (R_R7.VALUE) = 969.18698690755946
Param : R8.VALUE  (R_R8.VALUE) = 511.38874477370524

Specs : Max(V(out1)) = 2.09933447837830
Specs : Max(V(out2)) = 2.14751076698303


************ MonteCarlo Run 73 ************

Param : R9.VALUE  (R_R9.VALUE) = 10.49502548295541
Param : R10.VALUE  (R_R10.VALUE) = 9.51535081026643
Param : R1.VALUE  (R_R1.VALUE) = 1.01476332895901k
Param : R2.VALUE  (R_R2.VALUE) = 1.01916409802545k
Param : R3.VALUE  (R_R3.VALUE) = 967.41386150700407
Param : R4.VALUE  (R_R4.VALUE) = 957.21152378917816
Param : R5.VALUE  (R_R5.VALUE) = 977.49717703787337
Param : R6.VALUE  (R_R6.VALUE) = 1.01766258735923k
Param : R7.VALUE  (R_R7.VALUE) = 1.03389233069857k
Param : R8.VALUE  (R_R8.VALUE) = 502.83288064210939

Specs : Max(V(out1)) = 2.10950350761414
Specs : Max(V(out2)) = 2.10309362411499


************ MonteCarlo Run 74 ************

Param : R9.VALUE  (R_R9.VALUE) = 9.87122714926603
Param : R10.VALUE  (R_R10.VALUE) = 10.27950376903592
Param : R1.VALUE  (R_R1.VALUE) = 973.25205236976228
Param : R2.VALUE  (R_R2.VALUE) = 1.01382335886715k
Param : R3.VALUE  (R_R3.VALUE) = 973.16660054322949
Param : R4.VALUE  (R_R4.VALUE) = 970.45960875270850
Param : R5.VALUE  (R_R5.VALUE) = 1.04710379345073k
Param : R6.VALUE  (R_R6.VALUE) = 978.17468794824060
Param : R7.VALUE  (R_R7.VALUE) = 952.28888821069984
Param : R8.VALUE  (R_R8.VALUE) = 513.46095156712545

Specs : Max(V(out1)) = 2.16484689712524
Specs : Max(V(out2)) = 2.17025208473206


************ MonteCarlo Run 75 ************

Param : R9.VALUE  (R_R9.VALUE) = 9.65182958464309
Param : R10.VALUE  (R_R10.VALUE) = 9.54696798608356
Param : R1.VALUE  (R_R1.VALUE) = 950.92471083712269
Param : R2.VALUE  (R_R2.VALUE) = 984.85824152348403
Param : R3.VALUE  (R_R3.VALUE) = 1.01438795129246k
Param : R4.VALUE  (R_R4.VALUE) = 984.32416760765409
Param : R5.VALUE  (R_R5.VALUE) = 991.45634327219454
Param : R6.VALUE  (R_R6.VALUE) = 991.65166173284092
Param : R7.VALUE  (R_R7.VALUE) = 959.06704916531885
Param : R8.VALUE  (R_R8.VALUE) = 502.25913266396071

Specs : Max(V(out1)) = 2.17512822151184
Specs : Max(V(out2)) = 2.17142510414124


************ MonteCarlo Run 76 ************

Param : R9.VALUE  (R_R9.VALUE) = 10.19927060762352
Param : R10.VALUE  (R_R10.VALUE) = 9.83799249244667
Param : R1.VALUE  (R_R1.VALUE) = 1.01575212866604k
Param : R2.VALUE  (R_R2.VALUE) = 1.03762474440748k
Param : R3.VALUE  (R_R3.VALUE) = 1.00354777672658k
Param : R4.VALUE  (R_R4.VALUE) = 1.00700247199927k
Param : R5.VALUE  (R_R5.VALUE) = 955.39872432630386
Param : R6.VALUE  (R_R6.VALUE) = 996.57734916226696
Param : R7.VALUE  (R_R7.VALUE) = 975.99871822260195
Param : R8.VALUE  (R_R8.VALUE) = 496.34006775109100

Specs : Max(V(out1)) = 2.15113925933838
Specs : Max(V(out2)) = 2.15004682540894


************ MonteCarlo Run 77 ************

Param : R9.VALUE  (R_R9.VALUE) = 10.36333811456649
Param : R10.VALUE  (R_R10.VALUE) = 9.98658711508530
Param : R1.VALUE  (R_R1.VALUE) = 958.74355296487329
Param : R2.VALUE  (R_R2.VALUE) = 1.00658131656850k
Param : R3.VALUE  (R_R3.VALUE) = 1.02094027527696k
Param : R4.VALUE  (R_R4.VALUE) = 1.02784661397137k
Param : R5.VALUE  (R_R5.VALUE) = 1.03642231513413k
Param : R6.VALUE  (R_R6.VALUE) = 1.03505508590960k
Param : R7.VALUE  (R_R7.VALUE) = 979.30082094790498
Param : R8.VALUE  (R_R8.VALUE) = 518.21878719443339

Specs : Max(V(out1)) = 2.19526052474976
Specs : Max(V(out2)) = 2.19697523117065


************ MonteCarlo Run 78 ************

Param : R9.VALUE  (R_R9.VALUE) = 10.14491714224677
Param : R10.VALUE  (R_R10.VALUE) = 10.24684896389660
Param : R1.VALUE  (R_R1.VALUE) = 1.03286385692923k
Param : R2.VALUE  (R_R2.VALUE) = 1.02656178472243k
Param : R3.VALUE  (R_R3.VALUE) = 1.03719138157292k
Param : R4.VALUE  (R_R4.VALUE) = 1.04083223975341k
Param : R5.VALUE  (R_R5.VALUE) = 1.04125339518418k
Param : R6.VALUE  (R_R6.VALUE) = 1.00219580675680k
Param : R7.VALUE  (R_R7.VALUE) = 994.01684621723075
Param : R8.VALUE  (R_R8.VALUE) = 480.38193914609212

Specs : Max(V(out1)) = 2.13555812835693
Specs : Max(V(out2)) = 2.14371323585510


************ MonteCarlo Run 79 ************

Param : R9.VALUE  (R_R9.VALUE) = 9.85401470992157
Param : R10.VALUE  (R_R10.VALUE) = 10.32305368205817
Param : R1.VALUE  (R_R1.VALUE) = 992.77169103060999
Param : R2.VALUE  (R_R2.VALUE) = 966.98355052339241
Param : R3.VALUE  (R_R3.VALUE) = 950.08545182653279
Param : R4.VALUE  (R_R4.VALUE) = 1.01574602496414k
Param : R5.VALUE  (R_R5.VALUE) = 1.02735526596881k
Param : R6.VALUE  (R_R6.VALUE) = 956.37226477858815
Param : R7.VALUE  (R_R7.VALUE) = 958.98159733878595
Param : R8.VALUE  (R_R8.VALUE) = 494.28312021240885

Specs : Max(V(out1)) = 2.11716628074646
Specs : Max(V(out2)) = 2.13532829284668


************ MonteCarlo Run 80 ************

Param : R9.VALUE  (R_R9.VALUE) = 10.18388927884762
Param : R10.VALUE  (R_R10.VALUE) = 10.30761131626331
Param : R1.VALUE  (R_R1.VALUE) = 965.40879543443100
Param : R2.VALUE  (R_R2.VALUE) = 964.28571428571433
Param : R3.VALUE  (R_R3.VALUE) = 954.84633930478833
Param : R4.VALUE  (R_R4.VALUE) = 984.61409344767605
Param : R5.VALUE  (R_R5.VALUE) = 951.85552537614058
Param : R6.VALUE  (R_R6.VALUE) = 1.04784234138005k
Param : R7.VALUE  (R_R7.VALUE) = 1.01476332895901k
Param : R8.VALUE  (R_R8.VALUE) = 477.68257698294013

Specs : Max(V(out1)) = 2.13683557510376
Specs : Max(V(out2)) = 2.14140629768372


************ MonteCarlo Run 81 ************

Param : R9.VALUE  (R_R9.VALUE) = 10.41415143284402
Param : R10.VALUE  (R_R10.VALUE) = 10.13747062593463
Param : R1.VALUE  (R_R1.VALUE) = 993.17148350474565
Param : R2.VALUE  (R_R2.VALUE) = 952.10577715384386
Param : R3.VALUE  (R_R3.VALUE) = 974.25916318247016
Param : R4.VALUE  (R_R4.VALUE) = 989.19492172002322
Param : R5.VALUE  (R_R5.VALUE) = 1.01540116580706k
Param : R6.VALUE  (R_R6.VALUE) = 1.02818842127750k
Param : R7.VALUE  (R_R7.VALUE) = 952.28278450880453
Param : R8.VALUE  (R_R8.VALUE) = 516.30222479934082

Specs : Max(V(out1)) = 2.12833404541016
Specs : Max(V(out2)) = 2.17444443702698


************ MonteCarlo Run 82 ************

Param : R9.VALUE  (R_R9.VALUE) = 9.63843195898312
Param : R10.VALUE  (R_R10.VALUE) = 10.13426618243965
Param : R1.VALUE  (R_R1.VALUE) = 1.00504013183996k
Param : R2.VALUE  (R_R2.VALUE) = 1.04834894863735k
Param : R3.VALUE  (R_R3.VALUE) = 996.34235663930167
Param : R4.VALUE  (R_R4.VALUE) = 971.47892696920678
Param : R5.VALUE  (R_R5.VALUE) = 980.06988738669997
Param : R6.VALUE  (R_R6.VALUE) = 1.02821588793603k
Param : R7.VALUE  (R_R7.VALUE) = 984.25397503585918
Param : R8.VALUE  (R_R8.VALUE) = 499.03027436140019

Specs : Max(V(out1)) = 2.16402316093445
Specs : Max(V(out2)) = 2.16465926170349


************ MonteCarlo Run 83 ************

Param : R9.VALUE  (R_R9.VALUE) = 10.10802026429029
Param : R10.VALUE  (R_R10.VALUE) = 9.60251167332988
Param : R1.VALUE  (R_R1.VALUE) = 1.04844355601672k
Param : R2.VALUE  (R_R2.VALUE) = 1.02558214056825k
Param : R3.VALUE  (R_R3.VALUE) = 965.08835108493304
Param : R4.VALUE  (R_R4.VALUE) = 995.64043092135375
Param : R5.VALUE  (R_R5.VALUE) = 1.02116306039613k
Param : R6.VALUE  (R_R6.VALUE) = 1.04987487411115k
Param : R7.VALUE  (R_R7.VALUE) = 1.02755058442946k
Param : R8.VALUE  (R_R8.VALUE) = 507.08258308664199

Specs : Max(V(out1)) = 2.10735511779785
Specs : Max(V(out2)) = 2.12832236289978


************ MonteCarlo Run 84 ************

Param : R9.VALUE  (R_R9.VALUE) = 10.12120426038392
Param : R10.VALUE  (R_R10.VALUE) = 10.44610431226539
Param : R1.VALUE  (R_R1.VALUE) = 1.01881618701743k
Param : R2.VALUE  (R_R2.VALUE) = 978.98037659840702
Param : R3.VALUE  (R_R3.VALUE) = 1.00671559801019k
Param : R4.VALUE  (R_R4.VALUE) = 979.03836176641130
Param : R5.VALUE  (R_R5.VALUE) = 1.00482345042268k
Param : R6.VALUE  (R_R6.VALUE) = 1.02123630481887k
Param : R7.VALUE  (R_R7.VALUE) = 974.64369640186771
Param : R8.VALUE  (R_R8.VALUE) = 502.33390301217685

Specs : Max(V(out1)) = 2.11557626724243
Specs : Max(V(out2)) = 2.14611315727234


************ MonteCarlo Run 85 ************

Param : R9.VALUE  (R_R9.VALUE) = 9.99262977996155
Param : R10.VALUE  (R_R10.VALUE) = 10.45205542161321
Param : R1.VALUE  (R_R1.VALUE) = 1.01698202459792k
Param : R2.VALUE  (R_R2.VALUE) = 1.02651600695822k
Param : R3.VALUE  (R_R3.VALUE) = 1.01233710745567k
Param : R4.VALUE  (R_R4.VALUE) = 994.57533494064160
Param : R5.VALUE  (R_R5.VALUE) = 1.02987609485153k
Param : R6.VALUE  (R_R6.VALUE) = 1.02455366679891k
Param : R7.VALUE  (R_R7.VALUE) = 1.04889217810602k
Param : R8.VALUE  (R_R8.VALUE) = 485.23133030182805

Specs : Max(V(out1)) = 2.12107563018799
Specs : Max(V(out2)) = 2.11003112792969


************ MonteCarlo Run 86 ************

Param : R9.VALUE  (R_R9.VALUE) = 10.12947477645192
Param : R10.VALUE  (R_R10.VALUE) = 10.40981780449843
Param : R1.VALUE  (R_R1.VALUE) = 1.00912961210974k
Param : R2.VALUE  (R_R2.VALUE) = 1.04183935056612k
Param : R3.VALUE  (R_R3.VALUE) = 1.00055391094699k
Param : R4.VALUE  (R_R4.VALUE) = 998.93948179570907
Param : R5.VALUE  (R_R5.VALUE) = 994.97207556382955
Param : R6.VALUE  (R_R6.VALUE) = 1.03893398846400k
Param : R7.VALUE  (R_R7.VALUE) = 1.04403973509934k
Param : R8.VALUE  (R_R8.VALUE) = 484.14639728995633

Specs : Max(V(out1)) = 2.14190363883972
Specs : Max(V(out2)) = 2.12723660469055


************ MonteCarlo Run 87 ************

Param : R9.VALUE  (R_R9.VALUE) = 9.75196081423383
Param : R10.VALUE  (R_R10.VALUE) = 9.70300912503433
Param : R1.VALUE  (R_R1.VALUE) = 1.02304910428175k
Param : R2.VALUE  (R_R2.VALUE) = 1.04411297952208k
Param : R3.VALUE  (R_R3.VALUE) = 1.01250801110874k
Param : R4.VALUE  (R_R4.VALUE) = 954.13525803399773
Param : R5.VALUE  (R_R5.VALUE) = 1.01413464766381k
Param : R6.VALUE  (R_R6.VALUE) = 953.45164342173530
Param : R7.VALUE  (R_R7.VALUE) = 1.00563524277474k
Param : R8.VALUE  (R_R8.VALUE) = 502.22403637806332

Specs : Max(V(out1)) = 2.11319971084595
Specs : Max(V(out2)) = 2.09274792671204


************ MonteCarlo Run 88 ************

Param : R9.VALUE  (R_R9.VALUE) = 9.94633320108646
Param : R10.VALUE  (R_R10.VALUE) = 9.56137272255623
Param : R1.VALUE  (R_R1.VALUE) = 1.04960325937681k
Param : R2.VALUE  (R_R2.VALUE) = 962.77504806665240
Param : R3.VALUE  (R_R3.VALUE) = 1.01009094515824k
Param : R4.VALUE  (R_R4.VALUE) = 955.03555406353962
Param : R5.VALUE  (R_R5.VALUE) = 967.27958006530957
Param : R6.VALUE  (R_R6.VALUE) = 1.01602374340037k
Param : R7.VALUE  (R_R7.VALUE) = 983.24381237220371
Param : R8.VALUE  (R_R8.VALUE) = 490.79790643024995

Specs : Max(V(out1)) = 2.07261991500854
Specs : Max(V(out2)) = 2.11038684844971


************ MonteCarlo Run 89 ************

Param : R9.VALUE  (R_R9.VALUE) = 10.15358439893796
Param : R10.VALUE  (R_R10.VALUE) = 9.91053498947111
Param : R1.VALUE  (R_R1.VALUE) = 992.75032807397690
Param : R2.VALUE  (R_R2.VALUE) = 972.16254158146921
Param : R3.VALUE  (R_R3.VALUE) = 1.01785180211798k
Param : R4.VALUE  (R_R4.VALUE) = 966.64479506820885
Param : R5.VALUE  (R_R5.VALUE) = 999.75432599871829
Param : R6.VALUE  (R_R6.VALUE) = 1.00076448866237k
Param : R7.VALUE  (R_R7.VALUE) = 1.03027283547472k
Param : R8.VALUE  (R_R8.VALUE) = 496.75359355449081

Specs : Max(V(out1)) = 2.10245418548584
Specs : Max(V(out2)) = 2.09463930130005


************ MonteCarlo Run 90 ************

Param : R9.VALUE  (R_R9.VALUE) = 9.50451673940245
Param : R10.VALUE  (R_R10.VALUE) = 9.83948789941099
Param : R1.VALUE  (R_R1.VALUE) = 987.58964812158581
Param : R2.VALUE  (R_R2.VALUE) = 962.85744804223759
Param : R3.VALUE  (R_R3.VALUE) = 1.03273262733848k
Param : R4.VALUE  (R_R4.VALUE) = 1.02332987456893k
Param : R5.VALUE  (R_R5.VALUE) = 1.03911404766991k
Param : R6.VALUE  (R_R6.VALUE) = 1.01433301797540k
Param : R7.VALUE  (R_R7.VALUE) = 1.01505935850093k
Param : R8.VALUE  (R_R8.VALUE) = 500.72405163731804

Specs : Max(V(out1)) = 2.12399864196777
Specs : Max(V(out2)) = 2.12948131561279


************ MonteCarlo Run 91 ************

Param : R9.VALUE  (R_R9.VALUE) = 10.23397015289773
Param : R10.VALUE  (R_R10.VALUE) = 10.23717459639271
Param : R1.VALUE  (R_R1.VALUE) = 1.04570909756767k
Param : R2.VALUE  (R_R2.VALUE) = 996.58345286416215
Param : R3.VALUE  (R_R3.VALUE) = 986.32618182927945
Param : R4.VALUE  (R_R4.VALUE) = 961.21860408337659
Param : R5.VALUE  (R_R5.VALUE) = 1.04046601763970k
Param : R6.VALUE  (R_R6.VALUE) = 1.03212225714896k
Param : R7.VALUE  (R_R7.VALUE) = 995.47868282113109
Param : R8.VALUE  (R_R8.VALUE) = 480.43382061220132

Specs : Max(V(out1)) = 2.09499526023865
Specs : Max(V(out2)) = 2.12989258766174


************ MonteCarlo Run 92 ************

Param : R9.VALUE  (R_R9.VALUE) = 10.36944181646168
Param : R10.VALUE  (R_R10.VALUE) = 10.26137577440718
Param : R1.VALUE  (R_R1.VALUE) = 953.91247291482284
Param : R2.VALUE  (R_R2.VALUE) = 991.66692098757892
Param : R3.VALUE  (R_R3.VALUE) = 1.04361247596667k
Param : R4.VALUE  (R_R4.VALUE) = 956.77510910367141
Param : R5.VALUE  (R_R5.VALUE) = 966.48609881893367
Param : R6.VALUE  (R_R6.VALUE) = 971.12796411023282
Param : R7.VALUE  (R_R7.VALUE) = 961.69164098025453
Param : R8.VALUE  (R_R8.VALUE) = 504.55565050202944

Specs : Max(V(out1)) = 2.16569137573242
Specs : Max(V(out2)) = 2.14772009849548


************ MonteCarlo Run 93 ************

Param : R9.VALUE  (R_R9.VALUE) = 9.61835077974792
Param : R10.VALUE  (R_R10.VALUE) = 10.11827448347423
Param : R1.VALUE  (R_R1.VALUE) = 1.00800958281198k
Param : R2.VALUE  (R_R2.VALUE) = 1.01902981658376k
Param : R3.VALUE  (R_R3.VALUE) = 1.02315591906491k
Param : R4.VALUE  (R_R4.VALUE) = 1.04156468398083k
Param : R5.VALUE  (R_R5.VALUE) = 1.01697286904508k
Param : R6.VALUE  (R_R6.VALUE) = 979.85015411847291
Param : R7.VALUE  (R_R7.VALUE) = 1.03088625751518k
Param : R8.VALUE  (R_R8.VALUE) = 493.90926847132789

Specs : Max(V(out1)) = 2.12783503532410
Specs : Max(V(out2)) = 2.10629558563232


************ MonteCarlo Run 94 ************

Param : R9.VALUE  (R_R9.VALUE) = 10.49749748222297
Param : R10.VALUE  (R_R10.VALUE) = 10.27251503036592
Param : R1.VALUE  (R_R1.VALUE) = 970.44129764702291
Param : R2.VALUE  (R_R2.VALUE) = 967.05679494613480
Param : R3.VALUE  (R_R3.VALUE) = 988.82564775536366
Param : R4.VALUE  (R_R4.VALUE) = 968.12189092684707
Param : R5.VALUE  (R_R5.VALUE) = 1.00809808648946k
Param : R6.VALUE  (R_R6.VALUE) = 969.56236457411410
Param : R7.VALUE  (R_R7.VALUE) = 1.04601428266243k
Param : R8.VALUE  (R_R8.VALUE) = 484.51261940366828

Specs : Max(V(out1)) = 2.09906458854675
Specs : Max(V(out2)) = 2.07210350036621


************ MonteCarlo Run 95 ************

Param : R9.VALUE  (R_R9.VALUE) = 9.88172551652577
Param : R10.VALUE  (R_R10.VALUE) = 9.80399487289041
Param : R1.VALUE  (R_R1.VALUE) = 962.08227790154729
Param : R2.VALUE  (R_R2.VALUE) = 969.81566820276498
Param : R3.VALUE  (R_R3.VALUE) = 954.62355418561367
Param : R4.VALUE  (R_R4.VALUE) = 1.02711722159490k
Param : R5.VALUE  (R_R5.VALUE) = 1.02610400708029k
Param : R6.VALUE  (R_R6.VALUE) = 1.03810388500626k
Param : R7.VALUE  (R_R7.VALUE) = 950.17700735496078
Param : R8.VALUE  (R_R8.VALUE) = 497.43110446485792

Specs : Max(V(out1)) = 2.17588877677917
Specs : Max(V(out2)) = 2.20941138267517


************ MonteCarlo Run 96 ************

Param : R9.VALUE  (R_R9.VALUE) = 9.92637409588916
Param : R10.VALUE  (R_R10.VALUE) = 10.30153813287759
Param : R1.VALUE  (R_R1.VALUE) = 996.13483077486501
Param : R2.VALUE  (R_R2.VALUE) = 999.48576311532941
Param : R3.VALUE  (R_R3.VALUE) = 1.02493820001831k
Param : R4.VALUE  (R_R4.VALUE) = 973.85021515549170
Param : R5.VALUE  (R_R5.VALUE) = 1.00594042786950k
Param : R6.VALUE  (R_R6.VALUE) = 959.27457502975551
Param : R7.VALUE  (R_R7.VALUE) = 1.04220252082888k
Param : R8.VALUE  (R_R8.VALUE) = 519.69130527665027

Specs : Max(V(out1)) = 2.10176992416382
Specs : Max(V(out2)) = 2.06830453872681


************ MonteCarlo Run 97 ************

Param : R9.VALUE  (R_R9.VALUE) = 10.35702078310495
Param : R10.VALUE  (R_R10.VALUE) = 9.55963316751610
Param : R1.VALUE  (R_R1.VALUE) = 999.08902249214145
Param : R2.VALUE  (R_R2.VALUE) = 1.01320383312479k
Param : R3.VALUE  (R_R3.VALUE) = 1.02472151860103k
Param : R4.VALUE  (R_R4.VALUE) = 1.02560655537584k
Param : R5.VALUE  (R_R5.VALUE) = 975.57451094088560
Param : R6.VALUE  (R_R6.VALUE) = 1.04099093600269k
Param : R7.VALUE  (R_R7.VALUE) = 1.02919858394116k
Param : R8.VALUE  (R_R8.VALUE) = 484.98107852412488

Specs : Max(V(out1)) = 2.14751505851746
Specs : Max(V(out2)) = 2.13932895660400


************ MonteCarlo Run 98 ************

Param : R9.VALUE  (R_R9.VALUE) = 10.05284279915769
Param : R10.VALUE  (R_R10.VALUE) = 9.55124057741020
Param : R1.VALUE  (R_R1.VALUE) = 1.00221716971343k
Param : R2.VALUE  (R_R2.VALUE) = 1.02903683584094k
Param : R3.VALUE  (R_R3.VALUE) = 1.02041535691397k
Param : R4.VALUE  (R_R4.VALUE) = 952.40485854670851
Param : R5.VALUE  (R_R5.VALUE) = 1.02317423017060k
Param : R6.VALUE  (R_R6.VALUE) = 1.00533616138188k
Param : R7.VALUE  (R_R7.VALUE) = 1.04142124698630k
Param : R8.VALUE  (R_R8.VALUE) = 518.77727591784412

Specs : Max(V(out1)) = 2.12408804893494
Specs : Max(V(out2)) = 2.10176753997803


************ MonteCarlo Run 99 ************

Param : R9.VALUE  (R_R9.VALUE) = 10.29692983794672
Param : R10.VALUE  (R_R10.VALUE) = 9.80542924283578
Param : R1.VALUE  (R_R1.VALUE) = 989.49400311288798
Param : R2.VALUE  (R_R2.VALUE) = 998.18872646259956
Param : R3.VALUE  (R_R3.VALUE) = 955.25833918271428
Param : R4.VALUE  (R_R4.VALUE) = 1.01519669179357k
Param : R5.VALUE  (R_R5.VALUE) = 950.08545182653279
Param : R6.VALUE  (R_R6.VALUE) = 1.02685781426435k
Param : R7.VALUE  (R_R7.VALUE) = 1.02561876277963k
Param : R8.VALUE  (R_R8.VALUE) = 485.98666341135896

Specs : Max(V(out1)) = 2.13431668281555
Specs : Max(V(out2)) = 2.12828922271729


************ MonteCarlo Run 100 ************

Param : R9.VALUE  (R_R9.VALUE) = 9.65475936155278
Param : R10.VALUE  (R_R10.VALUE) = 9.55752739036225
Param : R1.VALUE  (R_R1.VALUE) = 1.01706137272256k
Param : R2.VALUE  (R_R2.VALUE) = 953.26853236487932
Param : R3.VALUE  (R_R3.VALUE) = 984.58662678914766
Param : R4.VALUE  (R_R4.VALUE) = 1.01978667561876k
Param : R5.VALUE  (R_R5.VALUE) = 1.02981505783258k
Param : R6.VALUE  (R_R6.VALUE) = 993.62620929593800
Param : R7.VALUE  (R_R7.VALUE) = 1.04817194128239k
Param : R8.VALUE  (R_R8.VALUE) = 506.77739799188203

Specs : Max(V(out1)) = 2.06967377662659
Specs : Max(V(out2)) = 2.07475948333740
Analysis complete

******* Analysis stopped at:Sat Nov 29 13:32:22 2014

Analysis time: 00:00:37


End of advanced analysis session
